<?xml version="1.0" encoding="UTF-8"?>
<!-- Generated by org.testng.reporters.JUnitReportReporter -->
<testsuite hostname="DESKTOP-TL0SH1A" failures="0" tests="2" name="Utils.AppUtils" time="4.614" errors="0" timestamp="2022-02-14T23:33:41 IST" skipped="0">
  <testcase classname="Utils.AppUtils" name="register" time="2.513"/>
  <system-out/>
  <testcase classname="Utils.AppUtils" name="support" time="2.101"/>
  <system-out/>
</testsuite> <!-- Utils.AppUtils -->
