<?xml version="1.0" encoding="UTF-8"?>
<!-- Generated by org.testng.reporters.JUnitReportReporter -->
<testsuite hostname="DESKTOP-TL0SH1A" failures="0" tests="2" name="Utils.AppUtils" time="3.871" errors="0" timestamp="2022-02-15T13:42:54 IST" skipped="0">
  <testcase classname="Utils.AppUtils" name="register" time="2.365"/>
  <system-out/>
  <testcase classname="Utils.AppUtils" name="support" time="1.506"/>
  <system-out/>
</testsuite> <!-- Utils.AppUtils -->
