<?xml version="1.0" encoding="UTF-8"?>
<!-- Generated by org.testng.reporters.JUnitReportReporter -->
<testsuite hostname="DESKTOP-TL0SH1A" failures="0" tests="1" name="Utils.AppUtils" time="0.011" errors="0" timestamp="2022-02-15T16:38:39 IST" skipped="0">
  <testcase classname="Utils.AppUtils" name="f" time="0.011"/>
  <system-out/>
</testsuite> <!-- Utils.AppUtils -->
